<?xml version="1.0" encoding="UTF-8"?>
<testsuite name="lawnlayer.lawnmoverTest" tests="1" skipped="0" failures="0" errors="0" timestamp="2022-05-08T10:49:47" hostname="DESKTOP-BQDQUPK" time="0.007">
  <properties/>
  <testcase name="Constructor()" classname="lawnlayer.lawnmoverTest" time="0.007"/>
  <system-out><![CDATA[]]></system-out>
  <system-err><![CDATA[]]></system-err>
</testsuite>
